#
# There is insufficient memory for the Java Runtime Environment to continue.
# Native memory allocation (mmap) failed to map 6291456 bytes for G1 virtual space
# Possible reasons:
#   The system is out of physical RAM or swap space
#   The process is running with CompressedOops enabled, and the Java Heap may be blocking the growth of the native heap
# Possible solutions:
#   Reduce memory load on the system
#   Increase physical memory or swap space
#   Check if swap backing store is full
#   Decrease Java heap size (-Xmx/-Xms)
#   Decrease number of Java threads
#   Decrease Java thread stack sizes (-Xss)
#   Set larger code cache with -XX:ReservedCodeCacheSize=
#   JVM is running with Zero Based Compressed Oops mode in which the Java heap is
#     placed in the first 32GB address space. The Java Heap base address is the
#     maximum limit for the native heap growth. Please use -XX:HeapBaseMinAddress
#     to set the Java Heap base and to place the Java Heap above 32GB virtual address.
# This output file may be truncated or incomplete.
#
#  Out of Memory Error (os_windows.cpp:3528), pid=16988, tid=15376
#
# JRE version: Java(TM) SE Runtime Environment (20.0.1+9) (build 20.0.1+9-29)
# Java VM: Java HotSpot(TM) 64-Bit Server VM (20.0.1+9-29, mixed mode, emulated-client, sharing, tiered, compressed oops, compressed class ptrs, g1 gc, windows-amd64)
# No core dump will be written. Minidumps are not enabled by default on client versions of Windows
#

---------------  S U M M A R Y ------------

Command Line: -Dcom.sun.management.jmxremote -Dcom.sun.management.jmxremote.port=64870 -Dcom.sun.management.jmxremote.authenticate=false -Dcom.sun.management.jmxremote.ssl=false -Djava.rmi.server.hostname=localhost -Dspring.jmx.enabled=true -Dmanagement.endpoints.jmx.exposure.include=* -Dspring.application.admin.enabled=true -XX:TieredStopAtLevel=1 -Dspring.boot.project.name=Bookstroreapp -Dfile.encoding=UTF-8 -XX:+ShowCodeDetailsInExceptionMessages com.mphasis.BookstoreappApplication --spring.profiles.active=prod --spring.output.ansi.enabled=always

Host: Intel(R) Core(TM) i7-8550U CPU @ 1.80GHz, 8 cores, 11G,  Windows 10 , 64 bit Build 19041 (10.0.19041.3155)
Time: Wed Aug 30 14:57:11 2023 India Standard Time elapsed time: 13.090421 seconds (0d 0h 0m 13s)

---------------  T H R E A D  ---------------

Current thread (0x000001781276ff40):  VMThread "VM Thread" [stack: 0x000000429ad00000,0x000000429ae00000] [id=15376]

Stack: [0x000000429ad00000,0x000000429ae00000]
Native frames: (J=compiled Java code, j=interpreted, Vv=VM code, C=native code)
V  [jvm.dll+0x6bb95a]
V  [jvm.dll+0x8485fa]
V  [jvm.dll+0x84a1f5]
V  [jvm.dll+0x84a8f3]
V  [jvm.dll+0x280b0f]
V  [jvm.dll+0x6b86e9]
V  [jvm.dll+0x6ad2da]
V  [jvm.dll+0x35adf5]
V  [jvm.dll+0x363016]
V  [jvm.dll+0x3b3b3e]
V  [jvm.dll+0x3b3dc5]
V  [jvm.dll+0x32b50a]
V  [jvm.dll+0x32e126]
V  [jvm.dll+0x3381ee]
V  [jvm.dll+0x371a5a]
V  [jvm.dll+0x85023e]
V  [jvm.dll+0x851351]
V  [jvm.dll+0x851859]
V  [jvm.dll+0x851ad3]
V  [jvm.dll+0x7f4b56]
V  [jvm.dll+0x6ba5cb]
C  [ucrtbase.dll+0x21bb2]
C  [KERNEL32.DLL+0x17614]
C  [ntdll.dll+0x526b1]

VM_Operation (0x000000429a9ff8d0): G1PauseRemark, mode: safepoint, requested by thread 0x000001787f5e4660


---------------  P R O C E S S  ---------------

Threads class SMR info:
_java_thread_list=0x0000017818d4e7f0, length=27, elements={
0x000001787f575900, 0x000001781278a130, 0x000001781278be80, 0x000001781278ed40,
0x0000017812792490, 0x0000017812796a80, 0x0000017812798510, 0x000001781279f6a0,
0x0000017812797520, 0x00000178169f0490, 0x0000017812796fd0, 0x0000017812798a60,
0x0000017812796530, 0x0000017812797a70, 0x0000017812797fc0, 0x0000017812798fb0,
0x0000017812799500, 0x0000017812795fe0, 0x0000017817e515b0, 0x0000017816999e80,
0x0000017817e51b00, 0x0000017817e525a0, 0x0000017817e53040, 0x0000017817e52af0,
0x0000017817e50070, 0x0000017817e51060, 0x0000017817e50b10
}

Java Threads: ( => current thread )
  0x000001787f575900 JavaThread "main" [_thread_blocked, id=20560, stack(0x000000429a700000,0x000000429a800000)]
  0x000001781278a130 JavaThread "Reference Handler" daemon [_thread_blocked, id=1672, stack(0x000000429ae00000,0x000000429af00000)]
  0x000001781278be80 JavaThread "Finalizer" daemon [_thread_blocked, id=2980, stack(0x000000429af00000,0x000000429b000000)]
  0x000001781278ed40 JavaThread "Signal Dispatcher" daemon [_thread_blocked, id=2368, stack(0x000000429b000000,0x000000429b100000)]
  0x0000017812792490 JavaThread "Attach Listener" daemon [_thread_blocked, id=8592, stack(0x000000429b100000,0x000000429b200000)]
  0x0000017812796a80 JavaThread "Service Thread" daemon [_thread_blocked, id=2836, stack(0x000000429b200000,0x000000429b300000)]
  0x0000017812798510 JavaThread "Monitor Deflation Thread" daemon [_thread_blocked, id=1428, stack(0x000000429b300000,0x000000429b400000)]
  0x000001781279f6a0 JavaThread "C1 CompilerThread0" daemon [_thread_blocked, id=2880, stack(0x000000429b400000,0x000000429b500000)]
  0x0000017812797520 JavaThread "Common-Cleaner" daemon [_thread_blocked, id=5404, stack(0x000000429b500000,0x000000429b600000)]
  0x00000178169f0490 JavaThread "C1 CompilerThread1" daemon [_thread_blocked, id=20548, stack(0x000000429b600000,0x000000429b700000)]
  0x0000017812796fd0 JavaThread "Notification Thread" daemon [_thread_blocked, id=19960, stack(0x000000429b700000,0x000000429b800000)]
  0x0000017812798a60 JavaThread "RMI TCP Accept-0" daemon [_thread_in_native, id=19808, stack(0x000000429ba00000,0x000000429bb00000)]
  0x0000017812796530 JavaThread "RMI TCP Accept-64870" daemon [_thread_in_native, id=20440, stack(0x000000429bb00000,0x000000429bc00000)]
  0x0000017812797a70 JavaThread "RMI TCP Accept-0" daemon [_thread_in_native, id=9052, stack(0x000000429bc00000,0x000000429bd00000)]
  0x0000017812797fc0 JavaThread "RMI TCP Connection(1)-127.0.0.1" daemon [_thread_in_native, id=8056, stack(0x000000429be00000,0x000000429bf00000)]
  0x0000017812798fb0 JavaThread "RMI Scheduler(0)" daemon [_thread_blocked, id=7456, stack(0x000000429bf00000,0x000000429c000000)]
  0x0000017812799500 JavaThread "RMI TCP Connection(2)-127.0.0.1" daemon [_thread_in_native, id=10120, stack(0x000000429c700000,0x000000429c800000)]
  0x0000017812795fe0 JavaThread "JMX server connection timeout 35" daemon [_thread_blocked, id=7912, stack(0x000000429c800000,0x000000429c900000)]
  0x0000017817e515b0 JavaThread "Keep-Alive-Timer" daemon [_thread_blocked, id=19760, stack(0x000000429b800000,0x000000429b900000)]
  0x0000017816999e80 JavaThread "C1 CompilerThread2" daemon [_thread_blocked, id=9480, stack(0x000000429b900000,0x000000429ba00000)]
  0x0000017817e51b00 JavaThread "mysql-cj-abandoned-connection-cleanup" daemon [_thread_blocked, id=10196, stack(0x000000429cb00000,0x000000429cc00000)]
  0x0000017817e525a0 JavaThread "Catalina-utility-1" [_thread_blocked, id=15956, stack(0x000000429cc00000,0x000000429cd00000)]
  0x0000017817e53040 JavaThread "Catalina-utility-2" [_thread_blocked, id=3396, stack(0x000000429cd00000,0x000000429ce00000)]
  0x0000017817e52af0 JavaThread "container-0" [_thread_blocked, id=16372, stack(0x000000429ce00000,0x000000429cf00000)]
  0x0000017817e50070 JavaThread "HikariPool-1 housekeeper" daemon [_thread_blocked, id=17768, stack(0x000000429cf00000,0x000000429d000000)]
  0x0000017817e51060 JavaThread "HikariPool-1 connection adder" daemon [_thread_blocked, id=4192, stack(0x000000429d000000,0x000000429d100000)]
  0x0000017817e50b10 JavaThread "spring.cloud.inetutils" daemon [_thread_blocked, id=20904, stack(0x000000429d100000,0x000000429d200000)]

Other Threads:
=>0x000001781276ff40 VMThread "VM Thread" [stack: 0x000000429ad00000,0x000000429ae00000] [id=15376]
  0x0000017817174c10 WatcherThread "VM Periodic Task Thread" [stack: 0x000000429bd00000,0x000000429be00000] [id=18964]
  0x000001787f5d6070 WorkerThread "GC Thread#0" [stack: 0x000000429a800000,0x000000429a900000] [id=7304]
  0x0000017817229020 WorkerThread "GC Thread#1" [stack: 0x000000429c000000,0x000000429c100000] [id=14372]
  0x00000178172292f0 WorkerThread "GC Thread#2" [stack: 0x000000429c100000,0x000000429c200000] [id=19344]
  0x00000178172295c0 WorkerThread "GC Thread#3" [stack: 0x000000429c200000,0x000000429c300000] [id=15912]
  0x00000178172576c0 WorkerThread "GC Thread#4" [stack: 0x000000429c300000,0x000000429c400000] [id=16856]
  0x0000017817257990 WorkerThread "GC Thread#5" [stack: 0x000000429c400000,0x000000429c500000] [id=18308]
  0x0000017817259c70 WorkerThread "GC Thread#6" [stack: 0x000000429c500000,0x000000429c600000] [id=8840]
  0x000001781725ada0 WorkerThread "GC Thread#7" [stack: 0x000000429c600000,0x000000429c700000] [id=16460]
  0x000001787f5e4660 ConcurrentGCThread "G1 Main Marker" [stack: 0x000000429a900000,0x000000429aa00000] [id=11812]
  0x000001787f5e4fa0 WorkerThread "G1 Conc#0" [stack: 0x000000429aa00000,0x000000429ab00000] [id=14580]
  0x000001781725b610 WorkerThread "G1 Conc#1" [stack: 0x000000429ca00000,0x000000429cb00000] [id=17376]
  0x000001787f62de30 ConcurrentGCThread "G1 Refine#0" [stack: 0x000000429ab00000,0x000000429ac00000] [id=10584]
  0x000001787f62e7e0 ConcurrentGCThread "G1 Service" [stack: 0x000000429ac00000,0x000000429ad00000] [id=24196]

Threads with active compile tasks:

VM state: at safepoint (normal execution)

VM Mutex/Monitor currently owned by a thread:  ([mutex/lock_event])
[0x000001787f5731f0] Threads_lock - owner thread: 0x000001781276ff40
[0x000001787f572ce0] Heap_lock - owner thread: 0x000001787f5e4660

Heap address: 0x0000000741800000, size: 3048 MB, Compressed Oops mode: Zero based, Oop shift amount: 3

CDS archive(s) mapped at: [0x0000000800000000-0x0000000800c60000-0x0000000800c60000), size 12976128, SharedBaseAddress: 0x0000000800000000, ArchiveRelocationMode: 0.
Compressed class space mapped at: 0x0000000801000000-0x0000000841000000, reserved size: 1073741824
Narrow klass base: 0x0000000800000000, Narrow klass shift: 0, Narrow klass range: 0x100000000

GC Precious Log:
 CardTable entry size: 512
 Card Set container configuration: InlinePtr #cards 4 size 8 Array Of Cards #cards 16 size 48 Howl #buckets 8 coarsen threshold 3686 Howl Bitmap #cards 512 size 80 coarsen threshold 460 Card regions per heap region 1 cards per card region 4096
 CPUs: 8 total, 8 available
 Memory: 12185M
 Large Page Support: Disabled
 NUMA Support: Disabled
 Compressed Oops: Enabled (Zero based)
 Heap Region Size: 2M
 Heap Min Capacity: 8M
 Heap Initial Capacity: 192M
 Heap Max Capacity: 3048M
 Pre-touch: Disabled
 Parallel Workers: 8
 Concurrent Workers: 2
 Concurrent Refinement Workers: 8
 Periodic GC: Disabled

Heap:
 garbage-first heap   total 83968K, used 48207K [0x0000000741800000, 0x0000000800000000)
  region size 2048K, 4 young (8192K), 2 survivors (4096K)
 Metaspace       used 69083K, committed 69760K, reserved 1114112K
  class space    used 9850K, committed 10176K, reserved 1048576K

Heap Regions: E=young(eden), S=young(survivor), O=old, HS=humongous(starts), HC=humongous(continues), CS=collection set, F=free, OA=open archive, CA=closed archive, TAMS=top-at-mark-start, PB=parsable bottom
|   0|0x0000000741800000, 0x0000000741a00000, 0x0000000741a00000|100%| O|  |TAMS 0x0000000741a00000| PB 0x0000000741a00000| Untracked 
|   1|0x0000000741a00000, 0x0000000741c00000, 0x0000000741c00000|100%| O|  |TAMS 0x0000000741c00000| PB 0x0000000741c00000| Untracked 
|   2|0x0000000741c00000, 0x0000000741e00000, 0x0000000741e00000|100%| O|  |TAMS 0x0000000741e00000| PB 0x0000000741e00000| Untracked 
|   3|0x0000000741e00000, 0x0000000742000000, 0x0000000742000000|100%| O|  |TAMS 0x0000000742000000| PB 0x0000000742000000| Untracked 
|   4|0x0000000742000000, 0x0000000742200000, 0x0000000742200000|100%| O|  |TAMS 0x0000000742200000| PB 0x0000000742200000| Untracked 
|   5|0x0000000742200000, 0x0000000742400000, 0x0000000742400000|100%| O|  |TAMS 0x0000000742400000| PB 0x0000000742400000| Untracked 
|   6|0x0000000742400000, 0x0000000742600000, 0x0000000742600000|100%| O|  |TAMS 0x0000000742600000| PB 0x0000000742600000| Untracked 
|   7|0x0000000742600000, 0x0000000742800000, 0x0000000742800000|100%| O|  |TAMS 0x0000000742800000| PB 0x0000000742800000| Untracked 
|   8|0x0000000742800000, 0x0000000742a00000, 0x0000000742a00000|100%| O|  |TAMS 0x0000000742a00000| PB 0x0000000742a00000| Untracked 
|   9|0x0000000742a00000, 0x0000000742c00000, 0x0000000742c00000|100%| O|  |TAMS 0x0000000742c00000| PB 0x0000000742c00000| Untracked 
|  10|0x0000000742c00000, 0x0000000742e00000, 0x0000000742e00000|100%| O|  |TAMS 0x0000000742e00000| PB 0x0000000742e00000| Updating 
|  11|0x0000000742e00000, 0x0000000743000000, 0x0000000743000000|100%| O|  |TAMS 0x0000000743000000| PB 0x0000000743000000| Updating 
|  12|0x0000000743000000, 0x0000000743200000, 0x0000000743200000|100%| O|  |TAMS 0x0000000743200000| PB 0x0000000743200000| Untracked 
|  13|0x0000000743200000, 0x0000000743400000, 0x0000000743400000|100%| O|  |TAMS 0x0000000743400000| PB 0x0000000743400000| Untracked 
|  14|0x0000000743400000, 0x0000000743600000, 0x0000000743600000|100%| O|  |TAMS 0x0000000743600000| PB 0x0000000743600000| Untracked 
|  15|0x0000000743600000, 0x0000000743800000, 0x0000000743800000|100%| O|  |TAMS 0x0000000743600000| PB 0x0000000743600000| Untracked 
|  16|0x0000000743800000, 0x0000000743a00000, 0x0000000743a00000|100%| O|  |TAMS 0x0000000743a00000| PB 0x0000000743a00000| Untracked 
|  17|0x0000000743a00000, 0x0000000743c00000, 0x0000000743c00000|100%| O|  |TAMS 0x0000000743c00000| PB 0x0000000743c00000| Updating 
|  18|0x0000000743c00000, 0x0000000743e00000, 0x0000000743e00000|100%| O|  |TAMS 0x0000000743e00000| PB 0x0000000743e00000| Untracked 
|  19|0x0000000743e00000, 0x0000000744000000, 0x0000000744000000|100%| O|  |TAMS 0x0000000744000000| PB 0x0000000744000000| Untracked 
|  20|0x0000000744000000, 0x0000000744200000, 0x0000000744200000|100%| O|  |TAMS 0x0000000744200000| PB 0x0000000744200000| Updating 
|  21|0x0000000744200000, 0x00000007442d2800, 0x0000000744400000| 41%| O|  |TAMS 0x0000000744200000| PB 0x0000000744200000| Updating 
|  22|0x0000000744400000, 0x0000000744400000, 0x0000000744600000|  0%| F|  |TAMS 0x0000000744400000| PB 0x0000000744400000| Untracked 
|  23|0x0000000744600000, 0x00000007446415a0, 0x0000000744800000| 12%| S|CS|TAMS 0x0000000744600000| PB 0x0000000744600000| Complete 
|  24|0x0000000744800000, 0x0000000744a00000, 0x0000000744a00000|100%| S|CS|TAMS 0x0000000744800000| PB 0x0000000744800000| Complete 
|  25|0x0000000744a00000, 0x0000000744a00000, 0x0000000744c00000|  0%| F|  |TAMS 0x0000000744a00000| PB 0x0000000744a00000| Untracked 
|  26|0x0000000744c00000, 0x0000000744c00000, 0x0000000744e00000|  0%| F|  |TAMS 0x0000000744c00000| PB 0x0000000744c00000| Untracked 
|  27|0x0000000744e00000, 0x0000000744e00000, 0x0000000745000000|  0%| F|  |TAMS 0x0000000744e00000| PB 0x0000000744e00000| Untracked 
|  28|0x0000000745000000, 0x0000000745000000, 0x0000000745200000|  0%| F|  |TAMS 0x0000000745000000| PB 0x0000000745000000| Untracked 
|  29|0x0000000745200000, 0x0000000745200000, 0x0000000745400000|  0%| F|  |TAMS 0x0000000745200000| PB 0x0000000745200000| Untracked 
|  30|0x0000000745400000, 0x0000000745400000, 0x0000000745600000|  0%| F|  |TAMS 0x0000000745400000| PB 0x0000000745400000| Untracked 
|  31|0x0000000745600000, 0x0000000745600000, 0x0000000745800000|  0%| F|  |TAMS 0x0000000745600000| PB 0x0000000745600000| Untracked 
|  32|0x0000000745800000, 0x0000000745800000, 0x0000000745a00000|  0%| F|  |TAMS 0x0000000745800000| PB 0x0000000745800000| Untracked 
|  33|0x0000000745a00000, 0x0000000745a00000, 0x0000000745c00000|  0%| F|  |TAMS 0x0000000745a00000| PB 0x0000000745a00000| Untracked 
|  34|0x0000000745c00000, 0x0000000745c00000, 0x0000000745e00000|  0%| F|  |TAMS 0x0000000745c00000| PB 0x0000000745c00000| Untracked 
|  35|0x0000000745e00000, 0x0000000745e00000, 0x0000000746000000|  0%| F|  |TAMS 0x0000000745e00000| PB 0x0000000745e00000| Untracked 
|  64|0x0000000749800000, 0x0000000749800000, 0x0000000749a00000|  0%| F|  |TAMS 0x0000000749800000| PB 0x0000000749800000| Untracked 
|  65|0x0000000749a00000, 0x0000000749a00000, 0x0000000749c00000|  0%| F|  |TAMS 0x0000000749a00000| PB 0x0000000749a00000| Untracked 
|  66|0x0000000749c00000, 0x0000000749c00000, 0x0000000749e00000|  0%| F|  |TAMS 0x0000000749c00000| PB 0x0000000749c00000| Untracked 
|  94|0x000000074d400000, 0x000000074d48cef8, 0x000000074d600000| 27%| E|  |TAMS 0x000000074d400000| PB 0x000000074d400000| Complete 
|  95|0x000000074d600000, 0x000000074d800000, 0x000000074d800000|100%| E|CS|TAMS 0x000000074d600000| PB 0x000000074d600000| Complete 

Card table byte_map: [0x000001780c400000,0x000001780ca00000] _byte_map_base: 0x00000178089f4000

Marking Bits: (CMBitMap*) 0x000001787f5d75c0
 Bits: [0x000001780d000000, 0x000001780ffa0000)

Polling page: 0x000001787ed30000

Metaspace:

Usage:
  Non-class:     57.84 MB used.
      Class:      9.62 MB used.
       Both:     67.46 MB used.

Virtual space:
  Non-class space:       64.00 MB reserved,      58.19 MB ( 91%) committed,  1 nodes.
      Class space:        1.00 GB reserved,       9.94 MB ( <1%) committed,  1 nodes.
             Both:        1.06 GB reserved,      68.12 MB (  6%) committed. 

Chunk freelists:
   Non-Class:  1.31 MB
       Class:  1.97 MB
        Both:  3.28 MB

MaxMetaspaceSize: unlimited
CompressedClassSpaceSize: 1.00 GB
Initial GC threshold: 21.00 MB
Current GC threshold: 99.06 MB
CDS: on
MetaspaceReclaimPolicy: balanced
 - commit_granule_bytes: 65536.
 - commit_granule_words: 8192.
 - virtual_space_node_default_size: 8388608.
 - enlarge_chunks_in_place: 1.
 - new_chunks_are_fully_committed: 0.
 - uncommit_free_chunks: 1.
 - use_allocation_guard: 0.


Internal statistics:

num_allocs_failed_limit: 11.
num_arena_births: 970.
num_arena_deaths: 0.
num_vsnodes_births: 2.
num_vsnodes_deaths: 0.
num_space_committed: 1090.
num_space_uncommitted: 0.
num_chunks_returned_to_freelist: 11.
num_chunks_taken_from_freelist: 3332.
num_chunk_merges: 8.
num_chunk_splits: 2452.
num_chunks_enlarged: 1974.
num_inconsistent_stats: 0.

CodeCache: size=49152Kb used=12006Kb max_used=12838Kb free=37145Kb
 bounds [0x0000017809400000, 0x000001780a090000, 0x000001780c400000]
 total_blobs=6326 nmethods=5655 adapters=594
 compilation: enabled
              stopped_count=0, restarted_count=0
 full_count=0

Compilation events (20 events):
Event: 13.078 Thread 0x000001781279f6a0 6405       1       org.springframework.beans.factory.annotation.AutowiredAnnotationBeanPostProcessor$$Lambda$700/0x00000008014a8220::<init> (15 bytes)
Event: 13.078 Thread 0x000001781279f6a0 nmethod 6405 0x000001780a086f10 code [0x000001780a0870a0, 0x000001780a087210]
Event: 13.079 Thread 0x000001781279f6a0 6406       1       com.sun.beans.introspect.PropertyInfo::getIndexed (5 bytes)
Event: 13.079 Thread 0x00000178169f0490 6407       1       com.sun.beans.introspect.PropertyInfo::getPropertyType (5 bytes)
Event: 13.080 Thread 0x0000017816999e80 6408       1       java.beans.PropertyDescriptor::setConstrained (6 bytes)
Event: 13.080 Thread 0x00000178169f0490 nmethod 6407 0x000001780a087290 code [0x000001780a087400, 0x000001780a0874d0]
Event: 13.080 Thread 0x000001781279f6a0 nmethod 6406 0x000001780a087590 code [0x000001780a087700, 0x000001780a0877d0]
Event: 13.080 Thread 0x0000017816999e80 nmethod 6408 0x000001780a087890 code [0x000001780a087a00, 0x000001780a087ad0]
Event: 13.080 Thread 0x00000178169f0490 6413       1       org.springframework.core.MethodParameter::<init> (35 bytes)
Event: 13.080 Thread 0x000001781279f6a0 6409       1       java.beans.PropertyDescriptor::setBound (6 bytes)
Event: 13.080 Thread 0x0000017816999e80 6410       1       java.beans.FeatureDescriptor::setExpert (6 bytes)
Event: 13.080 Thread 0x000001781279f6a0 nmethod 6409 0x000001780a087b90 code [0x000001780a087d00, 0x000001780a087dd0]
Event: 13.080 Thread 0x0000017816999e80 nmethod 6410 0x000001780a087e90 code [0x000001780a088000, 0x000001780a0880d0]
Event: 13.080 Thread 0x000001781279f6a0 6411       1       java.beans.FeatureDescriptor::setHidden (6 bytes)
Event: 13.080 Thread 0x0000017816999e80 6412       1       java.beans.FeatureDescriptor::setPreferred (6 bytes)
Event: 13.080 Thread 0x000001781279f6a0 nmethod 6411 0x000001780a088190 code [0x000001780a088300, 0x000001780a0883d0]
Event: 13.080 Thread 0x0000017816999e80 nmethod 6412 0x000001780a088490 code [0x000001780a088600, 0x000001780a0886d0]
Event: 13.080 Thread 0x00000178169f0490 nmethod 6413 0x000001780a088790 code [0x000001780a088960, 0x000001780a088db8]
Event: 13.080 Thread 0x0000017816999e80 6414   !   1       org.springframework.util.ClassUtils::isCacheSafe (84 bytes)
Event: 13.081 Thread 0x0000017816999e80 nmethod 6414 0x000001780a089010 code [0x000001780a0891e0, 0x000001780a0895c0]

GC Heap History (20 events):
Event: 6.284 GC heap before
{Heap before GC invocations=5 (full 0):
 garbage-first heap   total 69632K, used 51934K [0x0000000741800000, 0x0000000800000000)
  region size 2048K, 20 young (40960K), 3 survivors (6144K)
 Metaspace       used 27696K, committed 28096K, reserved 1114112K
  class space    used 3713K, committed 3904K, reserved 1048576K
}
Event: 6.297 GC heap after
{Heap after GC invocations=6 (full 0):
 garbage-first heap   total 69632K, used 17947K [0x0000000741800000, 0x0000000800000000)
  region size 2048K, 3 young (6144K), 3 survivors (6144K)
 Metaspace       used 27696K, committed 28096K, reserved 1114112K
  class space    used 3713K, committed 3904K, reserved 1048576K
}
Event: 7.146 GC heap before
{Heap before GC invocations=6 (full 0):
 garbage-first heap   total 69632K, used 52763K [0x0000000741800000, 0x0000000800000000)
  region size 2048K, 20 young (40960K), 3 survivors (6144K)
 Metaspace       used 32282K, committed 32704K, reserved 1114112K
  class space    used 4489K, committed 4672K, reserved 1048576K
}
Event: 7.161 GC heap after
{Heap after GC invocations=7 (full 0):
 garbage-first heap   total 69632K, used 20684K [0x0000000741800000, 0x0000000800000000)
  region size 2048K, 3 young (6144K), 3 survivors (6144K)
 Metaspace       used 32282K, committed 32704K, reserved 1114112K
  class space    used 4489K, committed 4672K, reserved 1048576K
}
Event: 7.827 GC heap before
{Heap before GC invocations=7 (full 0):
 garbage-first heap   total 69632K, used 49356K [0x0000000741800000, 0x0000000800000000)
  region size 2048K, 18 young (36864K), 3 survivors (6144K)
 Metaspace       used 35690K, committed 36096K, reserved 1114112K
  class space    used 5047K, committed 5248K, reserved 1048576K
}
Event: 7.846 GC heap after
{Heap after GC invocations=8 (full 0):
 garbage-first heap   total 83968K, used 23218K [0x0000000741800000, 0x0000000800000000)
  region size 2048K, 3 young (6144K), 3 survivors (6144K)
 Metaspace       used 35690K, committed 36096K, reserved 1114112K
  class space    used 5047K, committed 5248K, reserved 1048576K
}
Event: 8.714 GC heap before
{Heap before GC invocations=9 (full 0):
 garbage-first heap   total 83968K, used 66226K [0x0000000741800000, 0x0000000800000000)
  region size 2048K, 24 young (49152K), 3 survivors (6144K)
 Metaspace       used 40686K, committed 41216K, reserved 1114112K
  class space    used 5691K, committed 5952K, reserved 1048576K
}
Event: 8.722 GC heap after
{Heap after GC invocations=10 (full 0):
 garbage-first heap   total 83968K, used 26635K [0x0000000741800000, 0x0000000800000000)
  region size 2048K, 2 young (4096K), 2 survivors (4096K)
 Metaspace       used 40686K, committed 41216K, reserved 1114112K
  class space    used 5691K, committed 5952K, reserved 1048576K
}
Event: 9.853 GC heap before
{Heap before GC invocations=10 (full 0):
 garbage-first heap   total 83968K, used 69643K [0x0000000741800000, 0x0000000800000000)
  region size 2048K, 23 young (47104K), 2 survivors (4096K)
 Metaspace       used 49943K, committed 50496K, reserved 1114112K
  class space    used 7061K, committed 7296K, reserved 1048576K
}
Event: 9.860 GC heap after
{Heap after GC invocations=11 (full 0):
 garbage-first heap   total 83968K, used 30968K [0x0000000741800000, 0x0000000800000000)
  region size 2048K, 3 young (6144K), 3 survivors (6144K)
 Metaspace       used 49943K, committed 50496K, reserved 1114112K
  class space    used 7061K, committed 7296K, reserved 1048576K
}
Event: 10.681 GC heap before
{Heap before GC invocations=11 (full 0):
 garbage-first heap   total 83968K, used 69880K [0x0000000741800000, 0x0000000800000000)
  region size 2048K, 22 young (45056K), 3 survivors (6144K)
 Metaspace       used 56882K, committed 57408K, reserved 1114112K
  class space    used 8089K, committed 8320K, reserved 1048576K
}
Event: 10.689 GC heap after
{Heap after GC invocations=12 (full 0):
 garbage-first heap   total 83968K, used 36339K [0x0000000741800000, 0x0000000800000000)
  region size 2048K, 3 young (6144K), 3 survivors (6144K)
 Metaspace       used 56882K, committed 57408K, reserved 1114112K
  class space    used 8089K, committed 8320K, reserved 1048576K
}
Event: 11.157 GC heap before
{Heap before GC invocations=12 (full 0):
 garbage-first heap   total 83968K, used 60915K [0x0000000741800000, 0x0000000800000000)
  region size 2048K, 16 young (32768K), 3 survivors (6144K)
 Metaspace       used 60272K, committed 60736K, reserved 1114112K
  class space    used 8561K, committed 8768K, reserved 1048576K
}
Event: 11.161 GC heap after
{Heap after GC invocations=13 (full 0):
 garbage-first heap   total 83968K, used 38512K [0x0000000741800000, 0x0000000800000000)
  region size 2048K, 1 young (2048K), 1 survivors (2048K)
 Metaspace       used 60272K, committed 60736K, reserved 1114112K
  class space    used 8561K, committed 8768K, reserved 1048576K
}
Event: 11.872 GC heap before
{Heap before GC invocations=14 (full 0):
 garbage-first heap   total 83968K, used 69232K [0x0000000741800000, 0x0000000800000000)
  region size 2048K, 17 young (34816K), 1 survivors (2048K)
 Metaspace       used 65179K, committed 65792K, reserved 1114112K
  class space    used 9236K, committed 9536K, reserved 1048576K
}
Event: 11.877 GC heap after
{Heap after GC invocations=15 (full 0):
 garbage-first heap   total 83968K, used 41473K [0x0000000741800000, 0x0000000800000000)
  region size 2048K, 3 young (6144K), 3 survivors (6144K)
 Metaspace       used 65179K, committed 65792K, reserved 1114112K
  class space    used 9236K, committed 9536K, reserved 1048576K
}
Event: 12.551 GC heap before
{Heap before GC invocations=15 (full 0):
 garbage-first heap   total 83968K, used 70145K [0x0000000741800000, 0x0000000800000000)
  region size 2048K, 17 young (34816K), 3 survivors (6144K)
 Metaspace       used 66835K, committed 67520K, reserved 1114112K
  class space    used 9499K, committed 9792K, reserved 1048576K
}
Event: 12.558 GC heap after
{Heap after GC invocations=16 (full 0):
 garbage-first heap   total 83968K, used 43400K [0x0000000741800000, 0x0000000800000000)
  region size 2048K, 2 young (4096K), 2 survivors (4096K)
 Metaspace       used 66835K, committed 67520K, reserved 1114112K
  class space    used 9499K, committed 9792K, reserved 1048576K
}
Event: 13.030 GC heap before
{Heap before GC invocations=16 (full 0):
 garbage-first heap   total 83968K, used 72072K [0x0000000741800000, 0x0000000800000000)
  region size 2048K, 16 young (32768K), 2 survivors (4096K)
 Metaspace       used 68999K, committed 69696K, reserved 1114112K
  class space    used 9841K, committed 10176K, reserved 1048576K
}
Event: 13.034 GC heap after
{Heap after GC invocations=17 (full 0):
 garbage-first heap   total 83968K, used 46159K [0x0000000741800000, 0x0000000800000000)
  region size 2048K, 2 young (4096K), 2 survivors (4096K)
 Metaspace       used 68999K, committed 69696K, reserved 1114112K
  class space    used 9841K, committed 10176K, reserved 1048576K
}

Dll operation events (11 events):
Event: 0.013 Loaded shared library C:\Program Files\Java\jdk-20\bin\java.dll
Event: 0.028 Loaded shared library C:\Program Files\Java\jdk-20\bin\jsvml.dll
Event: 0.226 Loaded shared library C:\Program Files\Java\jdk-20\bin\jimage.dll
Event: 0.234 Loaded shared library C:\Program Files\Java\jdk-20\bin\net.dll
Event: 0.236 Loaded shared library C:\Program Files\Java\jdk-20\bin\nio.dll
Event: 0.240 Loaded shared library C:\Program Files\Java\jdk-20\bin\zip.dll
Event: 0.416 Loaded shared library C:\Program Files\Java\jdk-20\bin\management.dll
Event: 0.431 Loaded shared library C:\Program Files\Java\jdk-20\bin\management_ext.dll
Event: 0.775 Loaded shared library C:\Program Files\Java\jdk-20\bin\extnet.dll
Event: 1.139 Loaded shared library C:\Program Files\Java\jdk-20\bin\verify.dll
Event: 8.203 Loaded shared library C:\Program Files\Java\jdk-20\bin\sunmscapi.dll

Deoptimization events (18 events):
Event: 0.573 Thread 0x000001787f575900 DEOPT PACKING pc=0x00000178096e125d sp=0x000000429a7fd580
Event: 0.573 Thread 0x000001787f575900 DEOPT UNPACKING pc=0x000001780946a4c2 sp=0x000000429a7fca30 mode 3
Event: 0.590 Thread 0x000001787f575900 DEOPT PACKING pc=0x00000178098136e0 sp=0x000000429a7fd550
Event: 0.590 Thread 0x000001787f575900 DEOPT UNPACKING pc=0x000001780946a4c2 sp=0x000000429a7fca08 mode 3
Event: 2.311 Thread 0x000001787f575900 DEOPT PACKING pc=0x000001780964563c sp=0x000000429a7fe370
Event: 2.311 Thread 0x000001787f575900 DEOPT UNPACKING pc=0x000001780946a4c2 sp=0x000000429a7fd838 mode 0
Event: 4.984 Thread 0x000001787f575900 DEOPT PACKING pc=0x0000017809791fe1 sp=0x000000429a7fdf10
Event: 4.984 Thread 0x000001787f575900 DEOPT UNPACKING pc=0x000001780946a4c2 sp=0x000000429a7fd3f0 mode 3
Event: 6.527 Thread 0x000001787f575900 DEOPT PACKING pc=0x00000178097eb444 sp=0x000000429a7fdc40
Event: 6.527 Thread 0x000001787f575900 DEOPT UNPACKING pc=0x000001780946a4c2 sp=0x000000429a7fd198 mode 0
Event: 8.558 Thread 0x000001787f575900 DEOPT PACKING pc=0x0000017809945e75 sp=0x000000429a7fca90
Event: 8.558 Thread 0x000001787f575900 DEOPT UNPACKING pc=0x000001780946a4c2 sp=0x000000429a7fbff8 mode 3
Event: 11.090 Thread 0x000001787f575900 DEOPT PACKING pc=0x0000017809d14f61 sp=0x000000429a7fdcb0
Event: 11.090 Thread 0x000001787f575900 DEOPT UNPACKING pc=0x000001780946a4c2 sp=0x000000429a7fd190 mode 3
Event: 11.316 Thread 0x000001787f575900 DEOPT PACKING pc=0x0000017809a4ef81 sp=0x000000429a7fa950
Event: 11.316 Thread 0x000001787f575900 DEOPT UNPACKING pc=0x000001780946a4c2 sp=0x000000429a7f9e58 mode 3
Event: 12.228 Thread 0x0000017812799500 DEOPT PACKING pc=0x0000017809e1331c sp=0x000000429c7fed10
Event: 12.228 Thread 0x0000017812799500 DEOPT UNPACKING pc=0x000001780946a4c2 sp=0x000000429c7fe1c8 mode 0

Classes loaded (20 events):
Event: 12.896 Loading class javax/management/modelmbean/ModelMBeanOperationInfo
Event: 12.896 Loading class javax/management/modelmbean/ModelMBeanOperationInfo done
Event: 12.897 Loading class javax/management/modelmbean/DescriptorSupport
Event: 12.898 Loading class javax/management/modelmbean/DescriptorSupport done
Event: 12.942 Loading class java/lang/ObjectCustomizer
Event: 12.942 Loading class java/lang/ObjectCustomizer done
Event: 12.942 Loading class java/lang/ObjectCustomizer
Event: 12.942 Loading class java/lang/ObjectCustomizer done
Event: 12.990 Loading class java/util/concurrent/atomic/AtomicIntegerArray
Event: 12.990 Loading class java/util/concurrent/atomic/AtomicIntegerArray done
Event: 12.995 Loading class java/util/concurrent/atomic/AtomicLongArray
Event: 12.995 Loading class java/util/concurrent/atomic/AtomicLongArray done
Event: 13.079 Loading class java/lang/ObjectCustomizer
Event: 13.079 Loading class java/lang/ObjectCustomizer done
Event: 13.079 Loading class java/lang/ObjectCustomizer
Event: 13.079 Loading class java/lang/ObjectCustomizer done
Event: 13.080 Loading class java/util/EventListenerCustomizer
Event: 13.080 Loading class java/util/EventListenerCustomizer done
Event: 13.080 Loading class java/util/EventListenerCustomizer
Event: 13.080 Loading class java/util/EventListenerCustomizer done

Classes unloaded (0 events):
No events

Classes redefined (0 events):
No events

Internal exceptions (20 events):
Event: 11.643 Thread 0x000001787f575900 Exception <a 'sun/nio/fs/WindowsException'{0x000000074530f048}> (0x000000074530f048) 
thrown [s\open\src\hotspot\share\prims\jni.cpp, line 519]
Event: 11.834 Thread 0x000001787f575900 Exception <a 'java/lang/NoSuchMethodError'{0x000000074489df08}: 'double java.lang.invoke.DirectMethodHandle$Holder.invokeVirtual(java.lang.Object, java.lang.Object)'> (0x000000074489df08) 
thrown [s\open\src\hotspot\share\interpreter\linkResolver.cpp, line 773]
Event: 12.039 Thread 0x000001787f575900 Exception <a 'java/lang/NoSuchMethodError'{0x0000000749be7dd8}: 'java.lang.Object java.lang.invoke.DirectMethodHandle$Holder.newInvokeSpecial(java.lang.Object, java.lang.Object, java.lang.Object, java.lang.Object, java.lang.Object, java.lang.Object, java.lang.Object, java.lang.Object, java.lang.Object)'> (0x0000000749be7dd8) 
thrown [s\open\src\hotspot\share\interpreter\linkResolver.cpp, line 773]
Event: 12.072 Thread 0x000001787f575900 Exception <a 'java/lang/NoSuchMethodError'{0x00000007499936f0}: 'void java.lang.invoke.DirectMethodHandle$Holder.invokeInterface(java.lang.Object, java.lang.Object, int, java.lang.Object)'> (0x00000007499936f0) 
thrown [s\open\src\hotspot\share\interpreter\linkResolver.cpp, line 773]
Event: 12.072 Thread 0x000001787f575900 Exception <a 'java/lang/NoSuchMethodError'{0x0000000749997070}: 'void java.lang.invoke.DelegatingMethodHandle$Holder.reinvoke_L(java.lang.Object, java.lang.Object, int, java.lang.Object)'> (0x0000000749997070) 
thrown [s\open\src\hotspot\share\interpreter\linkResolver.cpp, line 773]
Event: 12.078 Thread 0x000001787f575900 Exception <a 'java/lang/NoSuchMethodError'{0x00000007499e44f0}: 'void java.lang.invoke.Invokers$Holder.invokeExact_MT(java.lang.Object, java.lang.Object, int, java.lang.Object)'> (0x00000007499e44f0) 
thrown [s\open\src\hotspot\share\interpreter\linkResolver.cpp, line 773]
Event: 12.359 Thread 0x000001787f575900 Exception <a 'java/lang/NoSuchMethodError'{0x00000007458a6e10}: 'java.lang.Object java.lang.invoke.DirectMethodHandle$Holder.invokeVirtual(java.lang.Object, java.lang.Object, java.lang.Object, java.lang.Object, java.lang.Object, java.lang.Object, java.lang.Object)'> (0x00000007458a6e10) 
thrown [s\open\src\hotspot\share\interpreter\linkResolver.cpp, line 773]
Event: 12.706 Thread 0x000001787f575900 Exception <a 'java/lang/NoSuchMethodError'{0x0000000745f91b48}: 'java.lang.Object java.lang.invoke.DelegatingMethodHandle$Holder.reinvoke_L(java.lang.Object, java.lang.Object, int, int, java.lang.Object)'> (0x0000000745f91b48) 
thrown [s\open\src\hotspot\share\interpreter\linkResolver.cpp, line 773]
Event: 12.748 Thread 0x000001787f575900 Exception <a 'java/lang/NoSuchMethodError'{0x0000000745da5fc0}: 'void java.lang.invoke.DirectMethodHandle$Holder.invokeSpecial(java.lang.Object, java.lang.Object, int)'> (0x0000000745da5fc0) 
thrown [s\open\src\hotspot\share\interpreter\linkResolver.cpp, line 773]
Event: 12.788 Thread 0x000001787f575900 Exception <a 'java/lang/ClassNotFoundException'{0x0000000745bd99e8}: java/lang/ObjectCustomizer> (0x0000000745bd99e8) 
thrown [s\open\src\hotspot\share\classfile\systemDictionary.cpp, line 305]
Event: 12.789 Thread 0x000001787f575900 Exception <a 'java/lang/ClassNotFoundException'{0x0000000745be2f20}: org/springframework/integration/support/DefaultMessageBuilderFactoryCustomizer> (0x0000000745be2f20) 
thrown [s\open\src\hotspot\share\classfile\systemDictionary.cpp, line 305]
Event: 12.790 Thread 0x000001787f575900 Exception <a 'java/lang/ClassNotFoundException'{0x0000000745bf5140}: org/springframework/integration/support/MessageBuilderFactoryCustomizer> (0x0000000745bf5140) 
thrown [s\open\src\hotspot\share\classfile\systemDictionary.cpp, line 305]
Event: 12.807 Thread 0x000001787f575900 Exception <a 'java/lang/NoSuchMethodError'{0x00000007458d33a8}: 'java.lang.Object java.lang.invoke.DirectMethodHandle$Holder.invokeVirtual(java.lang.Object, java.lang.Object, java.lang.Object, java.lang.Object, java.lang.Object, java.lang.Object, java.lang.Object, java.lang.Object, java.lang.Object)'> (0x00000007458d33a8) 
thrown [s\open\src\hotspot\share\interpreter\linkResolver.cpp, line 773]
Event: 12.907 Thread 0x000001787f575900 Exception <a 'java/lang/NoSuchMethodError'{0x00000007455efd90}: 'int java.lang.invoke.DirectMethodHandle$Holder.invokeStatic(java.lang.Object, java.lang.Object, java.lang.Object, java.lang.Object, java.lang.Object)'> (0x00000007455efd90) 
thrown [s\open\src\hotspot\share\interpreter\linkResolver.cpp, line 773]
Event: 12.942 Thread 0x000001787f575900 Exception <a 'java/lang/ClassNotFoundException'{0x00000007453a6af0}: java/lang/ObjectCustomizer> (0x00000007453a6af0) 
thrown [s\open\src\hotspot\share\classfile\systemDictionary.cpp, line 305]
Event: 12.943 Thread 0x000001787f575900 Exception <a 'java/lang/ClassNotFoundException'{0x00000007453b0d18}: org/springframework/boot/actuate/autoconfigure/metrics/task/TaskExecutorMetricsAutoConfigurationCustomizer> (0x00000007453b0d18) 
thrown [s\open\src\hotspot\share\classfile\systemDictionary.cpp, line 305]
Event: 13.079 Thread 0x000001787f575900 Exception <a 'java/lang/ClassNotFoundException'{0x000000074d42c980}: java/lang/ObjectCustomizer> (0x000000074d42c980) 
thrown [s\open\src\hotspot\share\classfile\systemDictionary.cpp, line 305]
Event: 13.079 Thread 0x000001787f575900 Exception <a 'java/lang/ClassNotFoundException'{0x000000074d437048}: org/springframework/cloud/client/discovery/simple/SimpleDiscoveryClientAutoConfigurationCustomizer> (0x000000074d437048) 
thrown [s\open\src\hotspot\share\classfile\systemDictionary.cpp, line 305]
Event: 13.080 Thread 0x000001787f575900 Exception <a 'java/lang/ClassNotFoundException'{0x000000074d444b10}: org/springframework/context/ApplicationListenerCustomizer> (0x000000074d444b10) 
thrown [s\open\src\hotspot\share\classfile\systemDictionary.cpp, line 305]
Event: 13.080 Thread 0x000001787f575900 Exception <a 'java/lang/ClassNotFoundException'{0x000000074d448cc8}: java/util/EventListenerCustomizer> (0x000000074d448cc8) 
thrown [s\open\src\hotspot\share\classfile\systemDictionary.cpp, line 305]

VM Operations (20 events):
Event: 11.558 Executing VM operation: HandshakeAllThreads done
Event: 11.684 Executing VM operation: HandshakeAllThreads
Event: 11.684 Executing VM operation: HandshakeAllThreads done
Event: 11.738 Executing VM operation: HandshakeAllThreads
Event: 11.738 Executing VM operation: HandshakeAllThreads done
Event: 11.860 Executing VM operation: HandshakeAllThreads
Event: 11.861 Executing VM operation: HandshakeAllThreads done
Event: 11.871 Executing VM operation: G1CollectForAllocation
Event: 11.877 Executing VM operation: G1CollectForAllocation done
Event: 12.551 Executing VM operation: G1CollectForAllocation
Event: 12.559 Executing VM operation: G1CollectForAllocation done
Event: 12.629 Executing VM operation: HandshakeAllThreads
Event: 12.629 Executing VM operation: HandshakeAllThreads done
Event: 12.717 Executing VM operation: HandshakeAllThreads
Event: 12.717 Executing VM operation: HandshakeAllThreads done
Event: 12.898 Executing VM operation: HandshakeAllThreads
Event: 12.899 Executing VM operation: HandshakeAllThreads done
Event: 13.030 Executing VM operation: G1CollectForAllocation
Event: 13.035 Executing VM operation: G1CollectForAllocation done
Event: 13.082 Executing VM operation: G1PauseRemark

Events (20 events):
Event: 13.086 Thread 0x000001781276ff40 flushing nmethod 0x00000178095fd790
Event: 13.086 Thread 0x000001781276ff40 flushing nmethod 0x00000178095f8490
Event: 13.086 Thread 0x000001781276ff40 flushing nmethod 0x00000178095f4590
Event: 13.086 Thread 0x000001781276ff40 flushing nmethod 0x00000178095efd10
Event: 13.086 Thread 0x000001781276ff40 flushing nmethod 0x000001780955cf90
Event: 13.086 Thread 0x000001781276ff40 flushing nmethod 0x000001780955cc90
Event: 13.086 Thread 0x000001781276ff40 flushing nmethod 0x000001780955c990
Event: 13.086 Thread 0x000001781276ff40 flushing nmethod 0x0000017809532d90
Event: 13.086 Thread 0x000001781276ff40 flushing nmethod 0x000001780952ff10
Event: 13.086 Thread 0x000001781276ff40 flushing nmethod 0x000001780953b290
Event: 13.086 Thread 0x000001781276ff40 flushing nmethod 0x0000017809541e10
Event: 13.087 Thread 0x000001781276ff40 flushing nmethod 0x0000017809541b10
Event: 13.087 Thread 0x000001781276ff40 flushing nmethod 0x000001780952c790
Event: 13.087 Thread 0x000001781276ff40 flushing nmethod 0x000001780952be90
Event: 13.087 Thread 0x000001781276ff40 flushing nmethod 0x000001780952bb10
Event: 13.087 Thread 0x000001781276ff40 flushing nmethod 0x0000017809539810
Event: 13.087 Thread 0x000001781276ff40 flushing nmethod 0x0000017809539510
Event: 13.087 Thread 0x000001781276ff40 flushing nmethod 0x000001780952e510
Event: 13.087 Thread 0x000001781276ff40 flushing nmethod 0x000001780953fd90
Event: 13.087 Thread 0x000001781276ff40 flushing nmethod 0x0000017809529210


Dynamic libraries:
0x00007ff7bc8e0000 - 0x00007ff7bc8f0000 	C:\Program Files\Java\jdk-20\bin\javaw.exe
0x00007ffa14190000 - 0x00007ffa14388000 	C:\WINDOWS\SYSTEM32\ntdll.dll
0x00007ffa14090000 - 0x00007ffa1414f000 	C:\WINDOWS\System32\KERNEL32.DLL
0x00007ffa11d10000 - 0x00007ffa12006000 	C:\WINDOWS\System32\KERNELBASE.dll
0x00007ffa11c10000 - 0x00007ffa11d10000 	C:\WINDOWS\System32\ucrtbase.dll
0x00007ffa0baf0000 - 0x00007ffa0bb0b000 	C:\Program Files\Java\jdk-20\bin\VCRUNTIME140.dll
0x00007ffa06140000 - 0x00007ffa06159000 	C:\Program Files\Java\jdk-20\bin\jli.dll
0x00007ffa12c10000 - 0x00007ffa12cbf000 	C:\WINDOWS\System32\ADVAPI32.dll
0x00007ffa13f40000 - 0x00007ffa13fde000 	C:\WINDOWS\System32\msvcrt.dll
0x00007ffa13590000 - 0x00007ffa1362c000 	C:\WINDOWS\System32\sechost.dll
0x00007ffa133c0000 - 0x00007ffa134e6000 	C:\WINDOWS\System32\RPCRT4.dll
0x00007ffa127d0000 - 0x00007ffa1296d000 	C:\WINDOWS\System32\USER32.dll
0x00007ffa119d0000 - 0x00007ffa119f2000 	C:\WINDOWS\System32\win32u.dll
0x00007ff9fc6c0000 - 0x00007ff9fc95a000 	C:\WINDOWS\WinSxS\amd64_microsoft.windows.common-controls_6595b64144ccf1df_6.0.19041.1110_none_60b5254171f9507e\COMCTL32.dll
0x00007ffa13190000 - 0x00007ffa131bc000 	C:\WINDOWS\System32\GDI32.dll
0x00007ffa11aa0000 - 0x00007ffa11bb5000 	C:\WINDOWS\System32\gdi32full.dll
0x00007ffa120c0000 - 0x00007ffa1215d000 	C:\WINDOWS\System32\msvcp_win.dll
0x00007ffa0ac40000 - 0x00007ffa0ac4a000 	C:\WINDOWS\SYSTEM32\VERSION.dll
0x00007ffa12bd0000 - 0x00007ffa12c00000 	C:\WINDOWS\System32\IMM32.DLL
0x00007ffa0ebe0000 - 0x00007ffa0ebec000 	C:\Program Files\Java\jdk-20\bin\vcruntime140_1.dll
0x00007ffa060b0000 - 0x00007ffa0613e000 	C:\Program Files\Java\jdk-20\bin\msvcp140.dll
0x00007ff9b0320000 - 0x00007ff9b0fb7000 	C:\Program Files\Java\jdk-20\bin\server\jvm.dll
0x00007ff9fbc60000 - 0x00007ff9fbc69000 	C:\WINDOWS\SYSTEM32\WSOCK32.dll
0x00007ffa01880000 - 0x00007ffa018a7000 	C:\WINDOWS\SYSTEM32\WINMM.dll
0x00007ffa12270000 - 0x00007ffa122db000 	C:\WINDOWS\System32\WS2_32.dll
0x00007ffa100b0000 - 0x00007ffa100c2000 	C:\WINDOWS\SYSTEM32\kernel.appcore.dll
0x00007ffa0cb10000 - 0x00007ffa0cb1a000 	C:\Program Files\Java\jdk-20\bin\jimage.dll
0x00007ffa0fd70000 - 0x00007ffa0ff54000 	C:\WINDOWS\SYSTEM32\DBGHELP.DLL
0x00007ff9fa130000 - 0x00007ff9fa164000 	C:\WINDOWS\SYSTEM32\dbgcore.DLL
0x00007ffa12160000 - 0x00007ffa121e2000 	C:\WINDOWS\System32\bcryptPrimitives.dll
0x00007ffa06080000 - 0x00007ffa060a6000 	C:\Program Files\Java\jdk-20\bin\java.dll
0x00007ffa05fa0000 - 0x00007ffa06077000 	C:\Program Files\Java\jdk-20\bin\jsvml.dll
0x00007ffa137f0000 - 0x00007ffa13f34000 	C:\WINDOWS\System32\SHELL32.dll
0x00007ffa0f500000 - 0x00007ffa0fc93000 	C:\WINDOWS\SYSTEM32\windows.storage.dll
0x00007ffa12470000 - 0x00007ffa127c4000 	C:\WINDOWS\System32\combase.dll
0x00007ffa111e0000 - 0x00007ffa1120e000 	C:\WINDOWS\SYSTEM32\Wldp.dll
0x00007ffa13fe0000 - 0x00007ffa1408d000 	C:\WINDOWS\System32\SHCORE.dll
0x00007ffa13130000 - 0x00007ffa13185000 	C:\WINDOWS\System32\shlwapi.dll
0x00007ffa117a0000 - 0x00007ffa117c5000 	C:\WINDOWS\SYSTEM32\profapi.dll
0x00007ffa05f80000 - 0x00007ffa05f93000 	C:\Program Files\Java\jdk-20\bin\net.dll
0x00007ffa0a500000 - 0x00007ffa0a60a000 	C:\WINDOWS\SYSTEM32\WINHTTP.dll
0x00007ffa10f20000 - 0x00007ffa10f8a000 	C:\WINDOWS\system32\mswsock.dll
0x00007ffa05f60000 - 0x00007ffa05f76000 	C:\Program Files\Java\jdk-20\bin\nio.dll
0x00007ffa05f40000 - 0x00007ffa05f58000 	C:\Program Files\Java\jdk-20\bin\zip.dll
0x00007ffa0bae0000 - 0x00007ffa0baea000 	C:\Program Files\Java\jdk-20\bin\management.dll
0x00007ffa0b3d0000 - 0x00007ffa0b3db000 	C:\Program Files\Java\jdk-20\bin\management_ext.dll
0x00007ffa13630000 - 0x00007ffa13638000 	C:\WINDOWS\System32\PSAPI.DLL
0x00007ff9f0310000 - 0x00007ff9f0327000 	C:\WINDOWS\system32\napinsp.dll
0x00007ff9f02f0000 - 0x00007ff9f030b000 	C:\WINDOWS\system32\pnrpnsp.dll
0x00007ff9f0250000 - 0x00007ff9f0265000 	C:\WINDOWS\system32\wshbth.dll
0x00007ffa0cab0000 - 0x00007ffa0cacd000 	C:\WINDOWS\system32\NLAapi.dll
0x00007ffa10c00000 - 0x00007ffa10c3b000 	C:\WINDOWS\SYSTEM32\IPHLPAPI.DLL
0x00007ffa10c40000 - 0x00007ffa10d0a000 	C:\WINDOWS\SYSTEM32\DNSAPI.dll
0x00007ffa13580000 - 0x00007ffa13588000 	C:\WINDOWS\System32\NSI.dll
0x00007ff9f0230000 - 0x00007ff9f0242000 	C:\WINDOWS\System32\winrnr.dll
0x00007ff9ff420000 - 0x00007ff9ff42a000 	C:\Windows\System32\rasadhlp.dll
0x00007ffa02830000 - 0x00007ffa028b2000 	C:\WINDOWS\System32\fwpuclnt.dll
0x00007ffa11a00000 - 0x00007ffa11a27000 	C:\WINDOWS\System32\bcrypt.dll
0x00007ffa11140000 - 0x00007ffa11158000 	C:\WINDOWS\SYSTEM32\CRYPTSP.dll
0x00007ffa10810000 - 0x00007ffa10844000 	C:\WINDOWS\system32\rsaenh.dll
0x00007ffa11760000 - 0x00007ffa1178e000 	C:\WINDOWS\SYSTEM32\USERENV.dll
0x00007ffa11130000 - 0x00007ffa1113c000 	C:\WINDOWS\SYSTEM32\CRYPTBASE.dll
0x00007ffa09340000 - 0x00007ffa09357000 	C:\WINDOWS\SYSTEM32\dhcpcsvc6.DLL
0x00007ffa0a020000 - 0x00007ffa0a03d000 	C:\WINDOWS\SYSTEM32\dhcpcsvc.DLL
0x00007ffa00d60000 - 0x00007ffa00d67000 	C:\Program Files\Java\jdk-20\bin\extnet.dll
0x00007ffa0bf50000 - 0x00007ffa0bf60000 	C:\Program Files\Java\jdk-20\bin\verify.dll
0x00007ffa097a0000 - 0x00007ffa097ae000 	C:\Program Files\Java\jdk-20\bin\sunmscapi.dll
0x00007ffa11870000 - 0x00007ffa119ce000 	C:\WINDOWS\System32\CRYPT32.dll
0x00007ffa11250000 - 0x00007ffa11278000 	C:\WINDOWS\SYSTEM32\ncrypt.dll
0x00007ffa11210000 - 0x00007ffa1124b000 	C:\WINDOWS\SYSTEM32\NTASN1.dll

dbghelp: loaded successfully - version: 4.0.5 - missing functions: none
symbol engine: initialized successfully - sym options: 0x614 - pdb path: .;C:\Program Files\Java\jdk-20\bin;C:\WINDOWS\SYSTEM32;C:\WINDOWS\WinSxS\amd64_microsoft.windows.common-controls_6595b64144ccf1df_6.0.19041.1110_none_60b5254171f9507e;C:\Program Files\Java\jdk-20\bin\server

VM Arguments:
jvm_args: -Dcom.sun.management.jmxremote -Dcom.sun.management.jmxremote.port=64870 -Dcom.sun.management.jmxremote.authenticate=false -Dcom.sun.management.jmxremote.ssl=false -Djava.rmi.server.hostname=localhost -Dspring.jmx.enabled=true -Dmanagement.endpoints.jmx.exposure.include=* -Dspring.application.admin.enabled=true -XX:TieredStopAtLevel=1 -Dspring.boot.project.name=Bookstroreapp -Dfile.encoding=UTF-8 -XX:+ShowCodeDetailsInExceptionMessages 
java_command: com.mphasis.BookstoreappApplication --spring.profiles.active=prod --spring.output.ansi.enabled=always
java_class_path (initial): F:\eclipse-workspace2\Bookstroreapp\target\classes;C:\Users\kvsivasankar\.m2\repository\org\springframework\cloud\spring-cloud-starter-config\4.0.4\spring-cloud-starter-config-4.0.4.jar;C:\Users\kvsivasankar\.m2\repository\org\springframework\cloud\spring-cloud-starter\3.1.7\spring-cloud-starter-3.1.7.jar;C:\Users\kvsivasankar\.m2\repository\org\springframework\cloud\spring-cloud-context\3.1.7\spring-cloud-context-3.1.7.jar;C:\Users\kvsivasankar\.m2\repository\org\springframework\security\spring-security-crypto\5.7.10\spring-security-crypto-5.7.10.jar;C:\Users\kvsivasankar\.m2\repository\org\springframework\cloud\spring-cloud-commons\3.1.7\spring-cloud-commons-3.1.7.jar;C:\Users\kvsivasankar\.m2\repository\org\springframework\security\spring-security-rsa\1.0.11.RELEASE\spring-security-rsa-1.0.11.RELEASE.jar;C:\Users\kvsivasankar\.m2\repository\org\bouncycastle\bcpkix-jdk15on\1.69\bcpkix-jdk15on-1.69.jar;C:\Users\kvsivasankar\.m2\repository\org\bouncycastle\bcprov-jdk15on\1.69\bcprov-jdk15on-1.69.jar;C:\Users\kvsivasankar\.m2\repository\org\bouncycastle\bcutil-jdk15on\1.69\bcutil-jdk15on-1.69.jar;C:\Users\kvsivasankar\.m2\repository\org\springframework\cloud\spring-cloud-config-client\3.1.8\spring-cloud-config-client-3.1.8.jar;C:\Users\kvsivasankar\.m2\repository\org\springframework\boot\spring-boot-autoconfigure\2.7.15\spring-boot-autoconfigure-2.7.15.jar;C:\Users\kvsivasankar\.m2\repository\com\fasterxml\jackson\core\jackson-annotations\2.13.5\jackson-annotations-2.13.5.jar;C:\Users\kvsivasankar\.m2\repository\org\apache\httpcomponents\httpclient\4.5.14\httpclient-4.5.14.jar;C:\Users\kvsivasankar\.m2\repository\org\apache\httpcomponents\httpcore\4.4.16\httpcore-4.4.16.jar;C:\Users\kvsivasankar\.m2\repository\commons-codec\commons-codec\1.15\commons-codec-1.15.jar;C:\Users\kvsivasankar\.m2\repository\com\fasterxml\jackson\core\jackson-databind\2.13.5\jackson-databind-2.13.5.jar;C:\Users\kvsivasankar\.m2\repository\com\fasterxml\jackson\core\jackson-core\2.13.5\jackson-core-2.13.5.jar;C:\Users\kvsivasankar\.m2\repository\org\springframework\cloud\spring-cloud-starter-netflix-eureka-client\3.1.7\spring-cloud-starter-netflix-eureka-client-3.1.7.jar;C:\Users\kvsivasankar\.m2\repository\org\springframework\cloud\spring-cloud-netflix-eureka-client\3.1.7\spring-cloud-netflix-eureka-client-3.1.7.jar;C:\Users\kvsivasankar\.m2\repository\com\netflix\eureka\eureka-client\1.10.17\eureka-client-1.10.17.jar;C:\Users\kvsivasankar\.m2\repository\com\netflix\netflix-commons\netflix-eventbus\0.3.0\netflix-eventbus-0.3.0.jar;C:\Users\kvsivasankar\.m2\repository\com\netflix\netflix-commons\netflix-infix\0.3.0\netflix-infix-0.3.0.jar;C:\Users\kvsivasankar\.m2\repository\commons-jxpath\commons-jxpath\1.3\commons-jxpath-1.3.jar;C:\Users\kvsivasankar\.m2\repository\joda-time\joda-time\2.3\joda-time-2.3.jar;C:\Users\kvsivasankar\.m2\repository\org\antlr\antlr-runtime\3.4\antlr-runtime-3.4.jar;C:\Users\kvsivasankar\.m2\repository\org\antlr\stringtemplate\3.2.1\stringtemplate-3.2.1.jar;C:\Users\kvsivasankar\.m2\repository\com\google\code\gson\gson\2.9.1\gson-2.9.1.jar;C:\Users\kvsivasankar\.m2\repository\org\apache\commons\commons-math\2.2\commons-math-2.2.jar;C:\Users\kvsivasankar\.m2\repository\com\thoughtworks\xstream\xstream\1.4.18\xstream-1.4.18.jar;C:\Users\kvsivasankar\.m2\repository\io\github\x-stream\mxparser\1.2.2\mxparser-1.2.2.jar;C:\Users\kvsivasankar\.m2\repository\xmlpull\xmlpull\1.1.3.1\xmlpull-1.1.3.1.jar;C:\Users\kvsivasankar\.m2\repository\javax\ws\rs\jsr311-api\1.1.1\jsr311-api-1.1.1.jar;C:\Users\kvsivasankar\.m2\repository\com\netflix\servo\servo-core\0.12.21\servo-core-0.12.21.jar;C:\Users\kvsivasankar\.m2\repository\com\google\guava\guava\19.0\guava-19.0.jar;C:\Users\kvsivasankar\.m2\repository\commons-configuration\commons-configuration\1.10\commons-configuration-1.10.jar;C:\Users\kvsivasankar\.m2\repository\commons-lang\commons-lang\2.6\commons-lang-2.6.jar;C:\Users\kvsivasankar\.m2\repository\com\google\inject\guice\4.1.0\guice-4.1.0.jar;C:\Users\kvsivasankar\.m2\repository\javax\inject\javax.inject\1\javax.inject-1.jar;C:\Users\kvsivasankar\.m2\repository\org\codehaus\jettison\jettison\1.4.0\jettison-1.4.0.jar;C:\Users\kvsivasankar\.m2\repository\com\netflix\eureka\eureka-core\1.10.17\eureka-core-1.10.17.jar;C:\Users\kvsivasankar\.m2\repository\com\fasterxml\woodstox\woodstox-core\6.2.1\woodstox-core-6.2.1.jar;C:\Users\kvsivasankar\.m2\repository\org\codehaus\woodstox\stax2-api\4.2.1\stax2-api-4.2.1.jar;C:\Users\kvsivasankar\.m2\repository\org\springframework\cloud\spring-cloud-starter-loadbalancer\3.1.7\spring-cloud-starter-loadbalancer-3.1.7.jar;C:\Users\kvsivasankar\.m2\repository\org\springframework\cloud\spring-cloud-loadbalancer\3.1.7\spring-cloud-loadbalancer-3.1.7.jar;C:\Users\kvsivasankar\.m2\repository\io\projectreactor\reactor-core\3.4.32\reactor-core-3.4.32.jar;C:\Users\kvsivasankar\.m2\repository\org\reactivestreams\reactive-streams\1.0.4\reactive-streams-1.0.4.jar;C:\Users\kvsivasankar\.m2\repository\io\projectreactor\addons\reactor-extra\3.4.10\reactor-extra-3.4.10.jar;C:\Users\kvsivasankar\.m2\repository\org\springframework\boot\spring-boot-starter-cache\2.7.15\spring-boot-starter-cache-2.7.15.jar;C:\Users\kvsivasankar\.m2\repository\org\springframework\spring-context-support\5.3.29\spring-context-support-5.3.29.jar;C:\Users\kvsivasankar\.m2\repository\com\stoyanr\evictor\1.0.0\evictor-1.0.0.jar;C:\Users\kvsivasankar\.m2\repository\org\springframework\boot\spring-boot-starter-actuator\2.7.15\spring-boot-starter-actuator-2.7.15.jar;C:\Users\kvsivasankar\.m2\repository\org\springframework\boot\spring-boot-starter\2.7.15\spring-boot-starter-2.7.15.jar;C:\Users\kvsivasankar\.m2\repository\org\springframework\boot\spring-boot\2.7.15\spring-boot-2.7.15.jar;C:\Users\kvsivasankar\.m2\repository\org\springframework\boot\spring-boot-starter-logging\2.7.15\spring-boot-starter-logging-2.7.15.jar;C:\Users\kvsivasankar\.m2\repository\ch\qos\logback\logback-classic\1.2.12\logback-classic-1.2.12.jar;C:\Users\kvsivasankar\.m2\repository\ch\qos\logback\logback-core\1.2.12\logback-core-1.2.12.jar;C:\Users\kvsivasankar\.m2\repository\org\apache\logging\log4j\log4j-to-slf4j\2.17.2\log4j-to-slf4j-2.17.2.jar;C:\Users\kvsivasankar\.m2\repository\org\apache\logging\log4j\log4j-api\2.17.2\log4j-api-2.17.2.jar;C:\Users\kvsivasankar\.m2\repository\org\slf4j\jul-to-slf4j\1.7.36\jul-to-slf4j-1.7.36.jar;C:\Users\kvsivasankar\.m2\repository\jakarta\annotation\jakarta.annotation-api\1.3.5\jakarta.annotation-api-1.3.5.jar;C:\Users\kvsivasankar\.m2\repository\org\yaml\snakeyaml\1.30\snakeyaml-1.30.jar;C:\Users\kvsivasankar\.m2\repository\org\springframework\boot\spring-boot-actuator-autoconfigure\2.7.15\spring-boot-actuator-autoconfigure-2.7.15.jar;C:\Users\kvsivasankar\.m2\repository\org\springframework\boot\spring-boot-actuator\2.7.15\spring-boot-actuator-2.7.15.jar;C:\Users\kvsivasankar\.m2\repository\com\fasterxml\jackson\datatype\jackson-datatype-jsr310\2.13.5\jackson-datatype-jsr310-2.13.5.jar;C:\Users\kvsivasankar\.m2\repository\io\micrometer\micrometer-core\1.9.14\micrometer-core-1.9.14.jar;C:\Users\kvsivasankar\.m2\repository\org\hdrhistogram\HdrHistogram\2.1.12\HdrHistogram-2.1.12.jar;C:\Users\kvsivasankar\.m2\repository\org\latencyutils\LatencyUtils\2.0.3\LatencyUtils-2.0.3.jar;C:\Users\kvsivasankar\.m2\repository\org\springframework\cloud\spring-cloud-starter-bus-amqp\4.0.1\spring-cloud-starter-bus-amqp-4.0.1.jar;C:\Users\kvsivasankar\.m2\repository\org\springframework\cloud\spring-cloud-starter-stream-rabbit\3.2.9\spring-cloud-starter-stream-rabbit-3.2.9.jar;C:\Users\kvsivasankar\.m2\repository\org\springframework\cloud\spring-cloud-stream-binder-rabbit\3.2.9\spring-cloud-stream-binder-rabbit-3.2.9.jar;C:\Users\kvsivasankar\.m2\repository\org\springframework\cloud\spring-cloud-stream-binder-rabbit-core\3.2.9\spring-cloud-stream-binder-rabbit-core-3.2.9.jar;C:\Users\kvsivasankar\.m2\repository\org\springframework\integration\spring-integration-amqp\5.5.18\spring-integration-amqp-5.5.18.jar;C:\Users\kvsivasankar\.m2\repository\com\rabbitmq\http-client\2.1.0.RELEASE\http-client-2.1.0.RELEASE.jar;C:\Users\kvsivasankar\.m2\repository\org\springframework\cloud\spring-cloud-stream\3.2.9\spring-cloud-stream-3.2.9.jar;C:\Users\kvsivasankar\.m2\repository\org\springframework\boot\spring-boot-starter-validation\2.7.15\spring-boot-starter-validation-2.7.15.jar;C:\Users\kvsivasankar\.m2\repository\org\hibernate\validator\hibernate-validator\6.2.5.Final\hibernate-validator-6.2.5.Final.jar;C:\Users\kvsivasankar\.m2\repository\jakarta\validation\jakarta.validation-api\2.0.2\jakarta.validation-api-2.0.2.jar;C:\Users\kvsivasankar\.m2\repository\org\springframework\cloud\spring-cloud-function-context\3.2.11\spring-cloud-function-context-3.2.11.jar;C:\Users\kvsivasankar\.m2\repository\net\jodah\typetools\0.6.2\typetools-0.6.2.jar;C:\Users\kvsivasankar\.m2\repository\org\springframework\cloud\spring-cloud-function-core\3.2.11\spring-cloud-function-core-3.2.11.jar;C:\Users\kvsivasankar\.m2\repository\javax\annotation\javax.annotation-api\1.3.2\javax.annotation-api-1.3.2.jar;C:\Users\kvsivasankar\.m2\repository\org\jetbrains\kotlin\kotlin-stdlib-jdk8\1.6.21\kotlin-stdlib-jdk8-1.6.21.jar;C:\Users\kvsivasankar\.m2\repository\org\jetbrains\kotlin\kotlin-stdlib\1.6.21\kotlin-stdlib-1.6.21.jar;C:\Users\kvsivasankar\.m2\repository\org\jetbrains\kotlin\kotlin-stdlib-common\1.6.21\kotlin-stdlib-common-1.6.21.jar;C:\Users\kvsivasankar\.m2\repository\org\jetbrains\annotations\13.0\annotations-13.0.jar;C:\Users\kvsivasankar\.m2\repository\org\jetbrains\kotlin\kotlin-stdlib-jdk7\1.6.21\kotlin-stdlib-jdk7-1.6.21.jar;C:\Users\kvsivasankar\.m2\repository\org\springframework\boot\spring-boot-starter-amqp\2.7.15\spring-boot-starter-amqp-2.7.15.jar;C:\Users\kvsivasankar\.m2\repository\org\springframework\amqp\spring-rabbit\2.4.15\spring-rabbit-2.4.15.jar;C:\Users\kvsivasankar\.m2\repository\org\springframework\amqp\spring-amqp\2.4.15\spring-amqp-2.4.15.jar;C:\Users\kvsivasankar\.m2\repository\com\rabbitmq\amqp-client\5.14.3\amqp-client-5.14.3.jar;C:\Users\kvsivasankar\.m2\repository\org\springframework\integration\spring-integration-jmx\5.5.18\spring-integration-jmx-5.5.18.jar;C:\Users\kvsivasankar\.m2\repository\org\springframework\cloud\spring-cloud-bus\3.1.2\spring-cloud-bus-3.1.2.jar;C:\Users\kvsivasankar\.m2\repository\org\springframework\integration\spring-integration-core\5.5.18\spring-integration-core-5.5.18.jar;C:\Users\kvsivasankar\.m2\repository\org\springframework\spring-messaging\5.3.29\spring-messaging-5.3.29.jar;C:\Users\kvsivasankar\.m2\repository\org\springframework\retry\spring-retry\1.3.4\spring-retry-1.3.4.jar;C:\Users\kvsivasankar\.m2\repository\org\springframework\boot\spring-boot-starter-data-jpa\2.7.15\spring-boot-starter-data-jpa-2.7.15.jar;C:\Users\kvsivasankar\.m2\repository\org\springframework\boot\spring-boot-starter-aop\2.7.15\spring-boot-starter-aop-2.7.15.jar;C:\Users\kvsivasankar\.m2\repository\org\springframework\spring-aop\5.3.29\spring-aop-5.3.29.jar;C:\Users\kvsivasankar\.m2\repository\org\aspectj\aspectjweaver\1.9.7\aspectjweaver-1.9.7.jar;C:\Users\kvsivasankar\.m2\repository\org\springframework\boot\spring-boot-starter-jdbc\2.7.15\spring-boot-starter-jdbc-2.7.15.jar;C:\Users\kvsivasankar\.m2\repository\com\zaxxer\HikariCP\4.0.3\HikariCP-4.0.3.jar;C:\Users\kvsivasankar\.m2\repository\org\springframework\spring-jdbc\5.3.29\spring-jdbc-5.3.29.jar;C:\Users\kvsivasankar\.m2\repository\jakarta\transaction\jakarta.transaction-api\1.3.3\jakarta.transaction-api-1.3.3.jar;C:\Users\kvsivasankar\.m2\repository\jakarta\persistence\jakarta.persistence-api\2.2.3\jakarta.persistence-api-2.2.3.jar;C:\Users\kvsivasankar\.m2\repository\org\hibernate\hibernate-core\5.6.15.Final\hibernate-core-5.6.15.Final.jar;C:\Users\kvsivasankar\.m2\repository\org\jboss\logging\jboss-logging\3.4.3.Final\jboss-logging-3.4.3.Final.jar;C:\Users\kvsivasankar\.m2\repository\net\bytebuddy\byte-buddy\1.12.23\byte-buddy-1.12.23.jar;C:\Users\kvsivasankar\.m2\repository\antlr\antlr\2.7.7\antlr-2.7.7.jar;C:\Users\kvsivasankar\.m2\repository\org\jboss\jandex\2.4.2.Final\jandex-2.4.2.Final.jar;C:\Users\kvsivasankar\.m2\repository\com\fasterxml\classmate\1.5.1\classmate-1.5.1.jar;C:\Users\kvsivasankar\.m2\repository\org\hibernate\common\hibernate-commons-annotations\5.1.2.Final\hibernate-commons-annotations-5.1.2.Final.jar;C:\Users\kvsivasankar\.m2\repository\org\glassfish\jaxb\jaxb-runtime\2.3.8\jaxb-runtime-2.3.8.jar;C:\Users\kvsivasankar\.m2\repository\org\glassfish\jaxb\txw2\2.3.8\txw2-2.3.8.jar;C:\Users\kvsivasankar\.m2\repository\com\sun\istack\istack-commons-runtime\3.0.12\istack-commons-runtime-3.0.12.jar;C:\Users\kvsivasankar\.m2\repository\com\sun\activation\jakarta.activation\1.2.2\jakarta.activation-1.2.2.jar;C:\Users\kvsivasankar\.m2\repository\org\springframework\data\spring-data-jpa\2.7.15\spring-data-jpa-2.7.15.jar;C:\Users\kvsivasankar\.m2\repository\org\springframework\data\spring-data-commons\2.7.15\spring-data-commons-2.7.15.jar;C:\Users\kvsivasankar\.m2\repository\org\springframework\spring-orm\5.3.29\spring-orm-5.3.29.jar;C:\Users\kvsivasankar\.m2\repository\org\springframework\spring-context\5.3.29\spring-context-5.3.29.jar;C:\Users\kvsivasankar\.m2\repository\org\springframework\spring-tx\5.3.29\spring-tx-5.3.29.jar;C:\Users\kvsivasankar\.m2\repository\org\springframework\spring-beans\5.3.29\spring-beans-5.3.29.jar;C:\Users\kvsivasankar\.m2\repository\org\slf4j\slf4j-api\1.7.36\slf4j-api-1.7.36.jar;C:\Users\kvsivasankar\.m2\repository\org\springframework\spring-aspects\5.3.29\spring-aspects-5.3.29.jar;C:\Users\kvsivasankar\.m2\repository\org\springframework\boot\spring-boot-starter-web\2.7.15\spring-boot-starter-web-2.7.15.jar;C:\Users\kvsivasankar\.m2\repository\org\springframework\boot\spring-boot-starter-json\2.7.15\spring-boot-starter-json-2.7.15.jar;C:\Users\kvsivasankar\.m2\repository\com\fasterxml\jackson\datatype\jackson-datatype-jdk8\2.13.5\jackson-datatype-jdk8-2.13.5.jar;C:\Users\kvsivasankar\.m2\repository\com\fasterxml\jackson\module\jackson-module-parameter-names\2.13.5\jackson-module-parameter-names-2.13.5.jar;C:\Users\kvsivasankar\.m2\repository\org\springframework\boot\spring-boot-starter-tomcat\2.7.15\spring-boot-starter-tomcat-2.7.15.jar;C:\Users\kvsivasankar\.m2\repository\org\apache\tomcat\embed\tomcat-embed-core\9.0.79\tomcat-embed-core-9.0.79.jar;C:\Users\kvsivasankar\.m2\repository\org\apache\tomcat\embed\tomcat-embed-el\9.0.79\tomcat-embed-el-9.0.79.jar;C:\Users\kvsivasankar\.m2\repository\org\apache\tomcat\embed\tomcat-embed-websocket\9.0.79\tomcat-embed-websocket-9.0.79.jar;C:\Users\kvsivasankar\.m2\repository\org\springframework\spring-web\5.3.29\spring-web-5.3.29.jar;C:\Users\kvsivasankar\.m2\repository\org\springframework\spring-webmvc\5.3.29\spring-webmvc-5.3.29.jar;C:\Users\kvsivasankar\.m2\repository\org\springframework\spring-expression\5.3.29\spring-expression-5.3.29.jar;C:\Users\kvsivasankar\.m2\repository\com\h2database\h2\2.1.214\h2-2.1.214.jar;C:\Users\kvsivasankar\.m2\repository\org\projectlombok\lombok\1.18.28\lombok-1.18.28.jar;C:\Users\kvsivasankar\.m2\repository\jakarta\xml\bind\jakarta.xml.bind-api\2.3.3\jakarta.xml.bind-api-2.3.3.jar;C:\Users\kvsivasankar\.m2\repository\jakarta\activation\jakarta.activation-api\1.2.2\jakarta.activation-api-1.2.2.jar;C:\Users\kvsivasankar\.m2\repository\org\springframework\spring-core\5.3.29\spring-core-5.3.29.jar;C:\Users\kvsivasankar\.m2\repository\org\springframework\spring-jcl\5.3.29\spring-jcl-5.3.29.jar;C:\Users\kvsivasankar\.m2\repository\com\mysql\mysql-connector-j\8.0.33\mysql-connector-j-8.0.33.jar
Launcher Type: SUN_STANDARD

[Global flags]
     intx CICompilerCount                          = 4                                         {product} {ergonomic}
     uint ConcGCThreads                            = 2                                         {product} {ergonomic}
     uint G1ConcRefinementThreads                  = 8                                         {product} {ergonomic}
   size_t G1HeapRegionSize                         = 2097152                                   {product} {ergonomic}
    uintx GCDrainStackTargetSize                   = 64                                        {product} {ergonomic}
   size_t InitialHeapSize                          = 201326592                                 {product} {ergonomic}
     bool ManagementServer                         = true                                      {product} {command line}
   size_t MarkStackSize                            = 4194304                                   {product} {ergonomic}
   size_t MaxHeapSize                              = 3196059648                                {product} {ergonomic}
   size_t MaxNewSize                               = 1916796928                                {product} {ergonomic}
   size_t MinHeapDeltaBytes                        = 2097152                                   {product} {ergonomic}
   size_t MinHeapSize                              = 8388608                                   {product} {ergonomic}
    uintx NonProfiledCodeHeapSize                  = 0                                      {pd product} {ergonomic}
     bool ProfileInterpreter                       = false                                  {pd product} {command line}
    uintx ProfiledCodeHeapSize                     = 0                                      {pd product} {ergonomic}
     bool ShowCodeDetailsInExceptionMessages       = true                                   {manageable} {command line}
   size_t SoftMaxHeapSize                          = 3196059648                             {manageable} {ergonomic}
     intx TieredStopAtLevel                        = 1                                         {product} {command line}
     bool UseCompressedClassPointers               = true                           {product lp64_product} {ergonomic}
     bool UseCompressedOops                        = true                           {product lp64_product} {ergonomic}
     bool UseG1GC                                  = true                                      {product} {ergonomic}
     bool UseLargePagesIndividualAllocation        = false                                  {pd product} {ergonomic}

Logging:
Log output configuration:
 #0: stdout all=warning uptime,level,tags foldmultilines=false
 #1: stderr all=off uptime,level,tags foldmultilines=false

Environment Variables:
PATH=C:\Users\kvsivasankar\AppData\Local\Programs\Python\Python311\Scripts\;C:\Users\kvsivasankar\AppData\Local\Programs\Python\Python311\;C:\Users\kvsivasankar\OneDrive\Desktop\apache-maven-3.9.2\bin;C:\ProgramData\Oracle\Java\javapath;D:\Dev-Cpp\bin;D:\Dev-Cpp\GnuWin32;C:\Program Files\Common Files\Oracle\Java\javapath;C:\Program Files (x86)\Common Files\Oracle\Java\javapath;C:\WINDOWS\system32;C:\WINDOWS;C:\WINDOWS\System32\Wbem;C:\WINDOWS\System32\WindowsPowerShell\v1.0\;C:\WINDOWS\System32\OpenSSH\;D:\Dev-Cpp\GnuWin32\bin;C:\Program Files\Git\cmd;C:\ProgramData\chocolatey\bin;C:\Program Files\nodejs\;C:\Program Files\Docker\Docker\resources\bin;C:\Users\kvsivasankar\OneDrive\Desktop\apache-maven-3.9.2\bin;C:\Program Files\MySQL\MySQL Shell 8.0\bin\;C:\Users\kvsivasankar\AppData\Local\Programs\Python\Python311\Scripts\;C:\Users\kvsivasankar\AppData\Local\Programs\Python\Python311\;C:\Users\kvsivasankar\AppData\Local\Programs\Python\Python37\Scripts\;C:\Users\kvsivasankar\AppData\Local\Programs\Python\Python37\;C:\Users\kvsivasankar\AppData\Local\Microsoft\WindowsApps;D:\PyCharm 2021.1\bin;;D:\PyCharm Community Edition 2021.1\bin;;C:\Program Files\Java\jdk-13.0.2\bin;C:\Program Files\Java\jre1.8.0_281\bin;C:\Users\kvsivasankar\AppData\Local\GitHubDesktop\bin;C:\Program Files\Java\jre-1.8\bin;C:\Program Files\Java\jdk-20\bin;C:\ProgramData\Oracle\Java\javapath;C:\Program Files (x86)\Brackets\;C:\Users\kvsivasankar\AppData\Local\Programs\Microsoft VS Code\bin;C:\Users\kvsivasankar\eclipse-workspace\Downloads\chromedriver_win32\geckodriver.exe;C:\Users\kvsivasankar\AppData\Roaming\npm
USERNAME=kvsivasankar
OS=Windows_NT
PROCESSOR_IDENTIFIER=Intel64 Family 6 Model 142 Stepping 10, GenuineIntel
TMP=C:\Users\KVSIVA~1\AppData\Local\Temp
TEMP=C:\Users\KVSIVA~1\AppData\Local\Temp




---------------  S Y S T E M  ---------------

OS:
 Windows 10 , 64 bit Build 19041 (10.0.19041.3155)
OS uptime: 6 days 22:39 hours
Hyper-V role detected

CPU: total 8 (initial active 8) (4 cores per cpu, 2 threads per core) family 6 model 142 stepping 10 microcode 0xf0, cx8, cmov, fxsr, ht, mmx, 3dnowpref, sse, sse2, sse3, ssse3, sse4.1, sse4.2, popcnt, lzcnt, tsc, tscinvbit, avx, avx2, aes, erms, clmul, bmi1, bmi2, adx, fma, vzeroupper, clflush, clflushopt, hv, rdtscp, f16c

Memory: 4k page, system-wide physical 12185M (575M free)
TotalPageFile size 16281M (AvailPageFile size 0M)
current process WorkingSet (physical memory assigned to process): 238M, peak: 238M
current process commit charge ("private bytes"): 279M, peak: 313M

vm_info: Java HotSpot(TM) 64-Bit Server VM (20.0.1+9-29) for windows-amd64 JRE (20.0.1+9-29), built on 2023-03-07T13:56:11Z by "mach5one" with MS VC++ 17.1 (VS2022)

END.
